<?xml version="1.0" encoding="UTF-8"?>
<!-- Generated by org.testng.reporters.JUnitReportReporter -->
<testsuite hostname="U4-DPE-CPU-0233" name="com.demostoreqa.FunctionalTests.DemoStoreQAFunctionalTest" tests="1" failures="0" timestamp="30 Jan 2017 13:51:37 GMT" time="34.354" errors="0">
  <testcase name="verifyDuplicateEntriesInCart" time="34.354" classname="com.demostoreqa.FunctionalTests.DemoStoreQAFunctionalTest"/>
</testsuite> <!-- com.demostoreqa.FunctionalTests.DemoStoreQAFunctionalTest -->
