<?xml version="1.0" encoding="UTF-8"?>
<!-- Generated by org.testng.reporters.JUnitReportReporter -->
<testsuite hostname="U4-DPE-CPU-0233" name="com.demostoreqa.FunctionalTests.DemoStoreQAFunctionalTest" tests="1" failures="0" timestamp="30 Jan 2017 13:30:41 GMT" time="102.809" errors="0">
  <testcase name="verifyEachProductPriceAddedFromDiffCategories" time="102.809" classname="com.demostoreqa.FunctionalTests.DemoStoreQAFunctionalTest"/>
</testsuite> <!-- com.demostoreqa.FunctionalTests.DemoStoreQAFunctionalTest -->
